0 info it worked if it ends with ok
1 verbose cli [ 'B:\\Program Files\\Node.js\\node.exe',
1 verbose cli   'B:\\Program Files\\Node.js\\node_modules\\npm\\bin\\npm-cli.js',
1 verbose cli   'install',
1 verbose cli   '--save',
1 verbose cli   'react-addons-transition-group',
1 verbose cli   'react-addons-css-transitions-group' ]
2 info using npm@3.10.10
3 info using node@v6.9.4
4 silly loadCurrentTree Starting
5 silly install loadCurrentTree
6 silly install readLocalPackageData
7 silly fetchPackageMetaData react-addons-transition-group
8 silly fetchPackageMetaData react-addons-css-transitions-group
9 silly fetchNamedPackageData react-addons-transition-group
10 silly mapToRegistry name react-addons-transition-group
11 silly mapToRegistry using default registry
12 silly mapToRegistry registry https://registry.npmjs.org/
13 silly mapToRegistry data Result {
13 silly mapToRegistry   raw: 'react-addons-transition-group',
13 silly mapToRegistry   scope: null,
13 silly mapToRegistry   escapedName: 'react-addons-transition-group',
13 silly mapToRegistry   name: 'react-addons-transition-group',
13 silly mapToRegistry   rawSpec: '',
13 silly mapToRegistry   spec: 'latest',
13 silly mapToRegistry   type: 'tag' }
14 silly mapToRegistry uri https://registry.npmjs.org/react-addons-transition-group
15 silly fetchNamedPackageData react-addons-css-transitions-group
16 silly mapToRegistry name react-addons-css-transitions-group
17 silly mapToRegistry using default registry
18 silly mapToRegistry registry https://registry.npmjs.org/
19 silly mapToRegistry data Result {
19 silly mapToRegistry   raw: 'react-addons-css-transitions-group',
19 silly mapToRegistry   scope: null,
19 silly mapToRegistry   escapedName: 'react-addons-css-transitions-group',
19 silly mapToRegistry   name: 'react-addons-css-transitions-group',
19 silly mapToRegistry   rawSpec: '',
19 silly mapToRegistry   spec: 'latest',
19 silly mapToRegistry   type: 'tag' }
20 silly mapToRegistry uri https://registry.npmjs.org/react-addons-css-transitions-group
21 verbose request uri https://registry.npmjs.org/react-addons-transition-group
22 verbose request no auth needed
23 info attempt registry request try #1 at 10:26:45 AM
24 verbose request id 11c0a867bde4021a
25 http request GET https://registry.npmjs.org/react-addons-transition-group
26 verbose request uri https://registry.npmjs.org/react-addons-css-transitions-group
27 verbose request no auth needed
28 info attempt registry request try #1 at 10:26:45 AM
29 http request GET https://registry.npmjs.org/react-addons-css-transitions-group
30 http 200 https://registry.npmjs.org/react-addons-transition-group
31 verbose headers { 'content-type': 'application/json; charset=UTF-8',
31 verbose headers   server: 'UploadServer',
31 verbose headers   'cache-control': 'max-age=300',
31 verbose headers   'last-modified': 'Tue, 26 Sep 2017 0:22:35 GMT',
31 verbose headers   etag: '"59c99dcb-168bc"',
31 verbose headers   'content-encoding': 'gzip',
31 verbose headers   'content-length': '7603',
31 verbose headers   'accept-ranges': 'bytes',
31 verbose headers   date: 'Sat, 27 Jan 2018 10:26:50 GMT',
31 verbose headers   via: '1.1 varnish',
31 verbose headers   age: '9560',
31 verbose headers   connection: 'keep-alive',
31 verbose headers   'x-served-by': 'cache-lcy19241-LCY',
31 verbose headers   'x-cache': 'HIT',
31 verbose headers   'x-cache-hits': '1',
31 verbose headers   'x-timer': 'S1517048810.014663,VS0,VE11',
31 verbose headers   vary: 'Accept-Encoding, Accept' }
32 silly get cb [ 200,
32 silly get   { 'content-type': 'application/json; charset=UTF-8',
32 silly get     server: 'UploadServer',
32 silly get     'cache-control': 'max-age=300',
32 silly get     'last-modified': 'Tue, 26 Sep 2017 0:22:35 GMT',
32 silly get     etag: '"59c99dcb-168bc"',
32 silly get     'content-encoding': 'gzip',
32 silly get     'content-length': '7603',
32 silly get     'accept-ranges': 'bytes',
32 silly get     date: 'Sat, 27 Jan 2018 10:26:50 GMT',
32 silly get     via: '1.1 varnish',
32 silly get     age: '9560',
32 silly get     connection: 'keep-alive',
32 silly get     'x-served-by': 'cache-lcy19241-LCY',
32 silly get     'x-cache': 'HIT',
32 silly get     'x-cache-hits': '1',
32 silly get     'x-timer': 'S1517048810.014663,VS0,VE11',
32 silly get     vary: 'Accept-Encoding, Accept' } ]
33 verbose get saving react-addons-transition-group to C:\Users\James\AppData\Roaming\npm-cache\registry.npmjs.org\react-addons-transition-group\.cache.json
34 verbose correctMkdir C:\Users\James\AppData\Roaming\npm-cache correctMkdir not in flight; initializing
35 http 404 https://registry.npmjs.org/react-addons-css-transitions-group
36 verbose headers { 'content-type': 'application/json',
36 verbose headers   'cache-control': 'max-age=0',
36 verbose headers   'content-length': '2',
36 verbose headers   'accept-ranges': 'bytes',
36 verbose headers   date: 'Sat, 27 Jan 2018 10:26:52 GMT',
36 verbose headers   via: '1.1 varnish',
36 verbose headers   connection: 'keep-alive',
36 verbose headers   'x-served-by': 'cache-lcy19247-LCY',
36 verbose headers   'x-cache': 'MISS',
36 verbose headers   'x-cache-hits': '0',
36 verbose headers   'x-timer': 'S1517048810.013840,VS0,VE2457',
36 verbose headers   vary: 'Accept-Encoding' }
37 silly get cb [ 404,
37 silly get   { 'content-type': 'application/json',
37 silly get     'cache-control': 'max-age=0',
37 silly get     'content-length': '2',
37 silly get     'accept-ranges': 'bytes',
37 silly get     date: 'Sat, 27 Jan 2018 10:26:52 GMT',
37 silly get     via: '1.1 varnish',
37 silly get     connection: 'keep-alive',
37 silly get     'x-served-by': 'cache-lcy19247-LCY',
37 silly get     'x-cache': 'MISS',
37 silly get     'x-cache-hits': '0',
37 silly get     'x-timer': 'S1517048810.013840,VS0,VE2457',
37 silly get     vary: 'Accept-Encoding' } ]
38 silly fetchPackageMetaData Error: Registry returned 404 for GET on https://registry.npmjs.org/react-addons-css-transitions-group
38 silly fetchPackageMetaData     at makeError (B:\Program Files\Node.js\node_modules\npm\node_modules\npm-registry-client\lib\request.js:302:12)
38 silly fetchPackageMetaData     at CachingRegistryClient.<anonymous> (B:\Program Files\Node.js\node_modules\npm\node_modules\npm-registry-client\lib\request.js:280:14)
38 silly fetchPackageMetaData     at Request._callback (B:\Program Files\Node.js\node_modules\npm\node_modules\npm-registry-client\lib\request.js:210:14)
38 silly fetchPackageMetaData     at Request.self.callback (B:\Program Files\Node.js\node_modules\npm\node_modules\request\request.js:187:22)
38 silly fetchPackageMetaData     at emitTwo (events.js:106:13)
38 silly fetchPackageMetaData     at Request.emit (events.js:191:7)
38 silly fetchPackageMetaData     at Request.<anonymous> (B:\Program Files\Node.js\node_modules\npm\node_modules\request\request.js:1048:10)
38 silly fetchPackageMetaData     at emitOne (events.js:96:13)
38 silly fetchPackageMetaData     at Request.emit (events.js:188:7)
38 silly fetchPackageMetaData     at IncomingMessage.<anonymous> (B:\Program Files\Node.js\node_modules\npm\node_modules\request\request.js:969:12)
38 silly fetchPackageMetaData  error for react-addons-css-transitions-group { Error: Registry returned 404 for GET on https://registry.npmjs.org/react-addons-css-transitions-group
38 silly fetchPackageMetaData     at makeError (B:\Program Files\Node.js\node_modules\npm\node_modules\npm-registry-client\lib\request.js:302:12)
38 silly fetchPackageMetaData     at CachingRegistryClient.<anonymous> (B:\Program Files\Node.js\node_modules\npm\node_modules\npm-registry-client\lib\request.js:280:14)
38 silly fetchPackageMetaData     at Request._callback (B:\Program Files\Node.js\node_modules\npm\node_modules\npm-registry-client\lib\request.js:210:14)
38 silly fetchPackageMetaData     at Request.self.callback (B:\Program Files\Node.js\node_modules\npm\node_modules\request\request.js:187:22)
38 silly fetchPackageMetaData     at emitTwo (events.js:106:13)
38 silly fetchPackageMetaData     at Request.emit (events.js:191:7)
38 silly fetchPackageMetaData     at Request.<anonymous> (B:\Program Files\Node.js\node_modules\npm\node_modules\request\request.js:1048:10)
38 silly fetchPackageMetaData     at emitOne (events.js:96:13)
38 silly fetchPackageMetaData     at Request.emit (events.js:188:7)
38 silly fetchPackageMetaData     at IncomingMessage.<anonymous> (B:\Program Files\Node.js\node_modules\npm\node_modules\request\request.js:969:12)
38 silly fetchPackageMetaData   pkgid: 'react-addons-css-transitions-group',
38 silly fetchPackageMetaData   statusCode: 404,
38 silly fetchPackageMetaData   code: 'E404' }
39 silly rollbackFailedOptional Starting
40 silly rollbackFailedOptional Finishing
41 silly runTopLevelLifecycles Finishing
42 silly install printInstalled
43 verbose stack Error: Registry returned 404 for GET on https://registry.npmjs.org/react-addons-css-transitions-group
43 verbose stack     at makeError (B:\Program Files\Node.js\node_modules\npm\node_modules\npm-registry-client\lib\request.js:302:12)
43 verbose stack     at CachingRegistryClient.<anonymous> (B:\Program Files\Node.js\node_modules\npm\node_modules\npm-registry-client\lib\request.js:280:14)
43 verbose stack     at Request._callback (B:\Program Files\Node.js\node_modules\npm\node_modules\npm-registry-client\lib\request.js:210:14)
43 verbose stack     at Request.self.callback (B:\Program Files\Node.js\node_modules\npm\node_modules\request\request.js:187:22)
43 verbose stack     at emitTwo (events.js:106:13)
43 verbose stack     at Request.emit (events.js:191:7)
43 verbose stack     at Request.<anonymous> (B:\Program Files\Node.js\node_modules\npm\node_modules\request\request.js:1048:10)
43 verbose stack     at emitOne (events.js:96:13)
43 verbose stack     at Request.emit (events.js:188:7)
43 verbose stack     at IncomingMessage.<anonymous> (B:\Program Files\Node.js\node_modules\npm\node_modules\request\request.js:969:12)
44 verbose statusCode 404
45 verbose pkgid react-addons-css-transitions-group
46 verbose cwd E:\Users\James\Web Dev\Projects\htdocs\Style Library\style-library
47 error Windows_NT 10.0.14393
48 error argv "B:\\Program Files\\Node.js\\node.exe" "B:\\Program Files\\Node.js\\node_modules\\npm\\bin\\npm-cli.js" "install" "--save" "react-addons-transition-group" "react-addons-css-transitions-group"
49 error node v6.9.4
50 error npm  v3.10.10
51 error code E404
52 error 404 Registry returned 404 for GET on https://registry.npmjs.org/react-addons-css-transitions-group
53 error 404
54 error 404 'react-addons-css-transitions-group' is not in the npm registry.
55 error 404 You should bug the author to publish it (or use the name yourself!)
56 error 404 Note that you can also install from a
57 error 404 tarball, folder, http url, or git url.
58 verbose exit [ 1, true ]
